{"D:\\WalletApp-ForDeployment\\wallet-application-frontend\\src\\components\\Home.css": {"path":"D:\\WalletApp-ForDeployment\\wallet-application-frontend\\src\\components\\Home.css","statementMap":{"0":{"start":{"line":1,"column":0},"end":{"line":1,"column":20}}},"fnMap":{},"branchMap":{},"s":{"0":1},"f":{},"b":{},"inputSourceMap":null,"_coverageSchema":"1a1c01bbd47fc00a2c39e90264f33305004495a9","hash":"71e95017a554ed9ada81ac33f93c3851f6e5c599"}
,"D:\\WalletApp-ForDeployment\\wallet-application-frontend\\src\\components\\Home.js": {"path":"D:\\WalletApp-ForDeployment\\wallet-application-frontend\\src\\components\\Home.js","statementMap":{"0":{"start":{"line":7,"column":2},"end":{"line":43,"column":4}}},"fnMap":{"0":{"name":"Home","decl":{"start":{"line":6,"column":9},"end":{"line":6,"column":13}},"loc":{"start":{"line":6,"column":16},"end":{"line":44,"column":1}},"line":6}},"branchMap":{},"s":{"0":4},"f":{"0":4},"b":{},"_coverageSchema":"1a1c01bbd47fc00a2c39e90264f33305004495a9","hash":"ba21cf5bd675d0bb17a6108c2a3d7468d64e2e27"}
,"D:\\WalletApp-ForDeployment\\wallet-application-frontend\\src\\components\\Login.js": {"path":"D:\\WalletApp-ForDeployment\\wallet-application-frontend\\src\\components\\Login.js","statementMap":{"0":{"start":{"line":8,"column":14},"end":{"line":130,"column":1}},"1":{"start":{"line":9,"column":17},"end":{"line":9,"column":30}},"2":{"start":{"line":11,"column":32},"end":{"line":11,"column":47}},"3":{"start":{"line":13,"column":25},"end":{"line":13,"column":59}},"4":{"start":{"line":13,"column":48},"end":{"line":13,"column":58}},"5":{"start":{"line":14,"column":22},"end":{"line":14,"column":59}},"6":{"start":{"line":14,"column":45},"end":{"line":14,"column":58}},"7":{"start":{"line":15,"column":19},"end":{"line":15,"column":32}},"8":{"start":{"line":17,"column":2},"end":{"line":19,"column":17}},"9":{"start":{"line":18,"column":4},"end":{"line":18,"column":29}},"10":{"start":{"line":22,"column":24},"end":{"line":25,"column":3}},"11":{"start":{"line":27,"column":27},"end":{"line":30,"column":4}},"12":{"start":{"line":32,"column":22},"end":{"line":45,"column":3}},"13":{"start":{"line":34,"column":35},"end":{"line":34,"column":44}},"14":{"start":{"line":35,"column":4},"end":{"line":35,"column":21}},"15":{"start":{"line":37,"column":4},"end":{"line":44,"column":9}},"16":{"start":{"line":40,"column":8},"end":{"line":40,"column":33}},"17":{"start":{"line":43,"column":8},"end":{"line":43,"column":26}},"18":{"start":{"line":47,"column":2},"end":{"line":49,"column":3}},"19":{"start":{"line":48,"column":4},"end":{"line":48,"column":35}},"20":{"start":{"line":51,"column":2},"end":{"line":129,"column":4}},"21":{"start":{"line":66,"column":12},"end":{"line":117,"column":19}}},"fnMap":{"0":{"name":"(anonymous_0)","decl":{"start":{"line":8,"column":14},"end":{"line":8,"column":15}},"loc":{"start":{"line":8,"column":20},"end":{"line":130,"column":1}},"line":8},"1":{"name":"(anonymous_1)","decl":{"start":{"line":13,"column":37},"end":{"line":13,"column":38}},"loc":{"start":{"line":13,"column":48},"end":{"line":13,"column":58}},"line":13},"2":{"name":"(anonymous_2)","decl":{"start":{"line":14,"column":34},"end":{"line":14,"column":35}},"loc":{"start":{"line":14,"column":45},"end":{"line":14,"column":58}},"line":14},"3":{"name":"(anonymous_3)","decl":{"start":{"line":17,"column":12},"end":{"line":17,"column":13}},"loc":{"start":{"line":17,"column":18},"end":{"line":19,"column":3}},"line":17},"4":{"name":"(anonymous_4)","decl":{"start":{"line":32,"column":22},"end":{"line":32,"column":23}},"loc":{"start":{"line":32,"column":37},"end":{"line":45,"column":3}},"line":32},"5":{"name":"(anonymous_5)","decl":{"start":{"line":39,"column":12},"end":{"line":39,"column":13}},"loc":{"start":{"line":39,"column":18},"end":{"line":41,"column":7}},"line":39},"6":{"name":"(anonymous_6)","decl":{"start":{"line":42,"column":13},"end":{"line":42,"column":14}},"loc":{"start":{"line":42,"column":19},"end":{"line":44,"column":7}},"line":42},"7":{"name":"(anonymous_7)","decl":{"start":{"line":65,"column":11},"end":{"line":65,"column":12}},"loc":{"start":{"line":66,"column":12},"end":{"line":117,"column":19}},"line":66}},"branchMap":{"0":{"loc":{"start":{"line":47,"column":2},"end":{"line":49,"column":3}},"type":"if","locations":[{"start":{"line":47,"column":2},"end":{"line":49,"column":3}},{"start":{},"end":{}}],"line":47},"1":{"loc":{"start":{"line":75,"column":21},"end":{"line":75,"column":77}},"type":"cond-expr","locations":[{"start":{"line":75,"column":59},"end":{"line":75,"column":72}},{"start":{"line":75,"column":75},"end":{"line":75,"column":77}}],"line":75},"2":{"loc":{"start":{"line":75,"column":21},"end":{"line":75,"column":56}},"type":"binary-expr","locations":[{"start":{"line":75,"column":21},"end":{"line":75,"column":36}},{"start":{"line":75,"column":40},"end":{"line":75,"column":56}}],"line":75},"3":{"loc":{"start":{"line":94,"column":21},"end":{"line":94,"column":77}},"type":"cond-expr","locations":[{"start":{"line":94,"column":59},"end":{"line":94,"column":72}},{"start":{"line":94,"column":75},"end":{"line":94,"column":77}}],"line":94},"4":{"loc":{"start":{"line":94,"column":21},"end":{"line":94,"column":56}},"type":"binary-expr","locations":[{"start":{"line":94,"column":21},"end":{"line":94,"column":36}},{"start":{"line":94,"column":40},"end":{"line":94,"column":56}}],"line":94},"5":{"loc":{"start":{"line":111,"column":19},"end":{"line":113,"column":19}},"type":"binary-expr","locations":[{"start":{"line":111,"column":19},"end":{"line":111,"column":26}},{"start":{"line":112,"column":20},"end":{"line":112,"column":78}}],"line":111},"6":{"loc":{"start":{"line":121,"column":7},"end":{"line":127,"column":7}},"type":"binary-expr","locations":[{"start":{"line":121,"column":7},"end":{"line":121,"column":14}},{"start":{"line":122,"column":8},"end":{"line":126,"column":14}}],"line":121}},"s":{"0":1,"1":4,"2":3,"3":3,"4":3,"5":3,"6":3,"7":3,"8":3,"9":3,"10":3,"11":3,"12":3,"13":1,"14":1,"15":1,"16":0,"17":0,"18":3,"19":0,"20":3,"21":9},"f":{"0":4,"1":3,"2":3,"3":3,"4":1,"5":0,"6":0,"7":9},"b":{"0":[0,3],"1":[1,8],"2":[9,1],"3":[0,9],"4":[9,0],"5":[9,0],"6":[3,0]},"_coverageSchema":"1a1c01bbd47fc00a2c39e90264f33305004495a9","hash":"bdba20df3f8b4a04d3e3c75fadd4b2779af584a0"}
,"D:\\WalletApp-ForDeployment\\wallet-application-frontend\\src\\components\\Register.js": {"path":"D:\\WalletApp-ForDeployment\\wallet-application-frontend\\src\\components\\Register.js","statementMap":{"0":{"start":{"line":8,"column":17},"end":{"line":164,"column":1}},"1":{"start":{"line":9,"column":17},"end":{"line":9,"column":30}},"2":{"start":{"line":10,"column":38},"end":{"line":10,"column":53}},"3":{"start":{"line":11,"column":19},"end":{"line":11,"column":32}},"4":{"start":{"line":13,"column":22},"end":{"line":13,"column":59}},"5":{"start":{"line":13,"column":45},"end":{"line":13,"column":58}},"6":{"start":{"line":15,"column":2},"end":{"line":17,"column":17}},"7":{"start":{"line":16,"column":4},"end":{"line":16,"column":29}},"8":{"start":{"line":19,"column":24},"end":{"line":23,"column":3}},"9":{"start":{"line":27,"column":25},"end":{"line":39,"column":3}},"10":{"start":{"line":28,"column":42},"end":{"line":28,"column":51}},"11":{"start":{"line":29,"column":4},"end":{"line":29,"column":25}},"12":{"start":{"line":30,"column":4},"end":{"line":38,"column":9}},"13":{"start":{"line":33,"column":8},"end":{"line":33,"column":28}},"14":{"start":{"line":34,"column":8},"end":{"line":34,"column":27}},"15":{"start":{"line":37,"column":8},"end":{"line":37,"column":29}},"16":{"start":{"line":40,"column":27},"end":{"line":60,"column":4}},"17":{"start":{"line":46,"column":10},"end":{"line":46,"column":74}},"18":{"start":{"line":57,"column":10},"end":{"line":57,"column":74}},"19":{"start":{"line":62,"column":2},"end":{"line":163,"column":4}},"20":{"start":{"line":78,"column":12},"end":{"line":146,"column":19}}},"fnMap":{"0":{"name":"(anonymous_0)","decl":{"start":{"line":8,"column":17},"end":{"line":8,"column":18}},"loc":{"start":{"line":8,"column":23},"end":{"line":164,"column":1}},"line":8},"1":{"name":"(anonymous_1)","decl":{"start":{"line":13,"column":34},"end":{"line":13,"column":35}},"loc":{"start":{"line":13,"column":45},"end":{"line":13,"column":58}},"line":13},"2":{"name":"(anonymous_2)","decl":{"start":{"line":15,"column":12},"end":{"line":15,"column":13}},"loc":{"start":{"line":15,"column":18},"end":{"line":17,"column":3}},"line":15},"3":{"name":"(anonymous_3)","decl":{"start":{"line":27,"column":25},"end":{"line":27,"column":26}},"loc":{"start":{"line":27,"column":40},"end":{"line":39,"column":3}},"line":27},"4":{"name":"(anonymous_4)","decl":{"start":{"line":32,"column":12},"end":{"line":32,"column":13}},"loc":{"start":{"line":32,"column":18},"end":{"line":35,"column":7}},"line":32},"5":{"name":"(anonymous_5)","decl":{"start":{"line":36,"column":13},"end":{"line":36,"column":14}},"loc":{"start":{"line":36,"column":19},"end":{"line":38,"column":7}},"line":36},"6":{"name":"(anonymous_6)","decl":{"start":{"line":45,"column":8},"end":{"line":45,"column":9}},"loc":{"start":{"line":46,"column":10},"end":{"line":46,"column":74}},"line":46},"7":{"name":"(anonymous_7)","decl":{"start":{"line":56,"column":8},"end":{"line":56,"column":9}},"loc":{"start":{"line":57,"column":10},"end":{"line":57,"column":74}},"line":57},"8":{"name":"(anonymous_8)","decl":{"start":{"line":76,"column":11},"end":{"line":76,"column":12}},"loc":{"start":{"line":78,"column":12},"end":{"line":146,"column":19}},"line":78}},"branchMap":{"0":{"loc":{"start":{"line":46,"column":10},"end":{"line":46,"column":74}},"type":"binary-expr","locations":[{"start":{"line":46,"column":10},"end":{"line":46,"column":13}},{"start":{"line":46,"column":17},"end":{"line":46,"column":43}},{"start":{"line":46,"column":47},"end":{"line":46,"column":74}}],"line":46},"1":{"loc":{"start":{"line":57,"column":10},"end":{"line":57,"column":74}},"type":"binary-expr","locations":[{"start":{"line":57,"column":10},"end":{"line":57,"column":13}},{"start":{"line":57,"column":17},"end":{"line":57,"column":43}},{"start":{"line":57,"column":47},"end":{"line":57,"column":74}}],"line":57},"2":{"loc":{"start":{"line":79,"column":15},"end":{"line":145,"column":15}},"type":"binary-expr","locations":[{"start":{"line":79,"column":15},"end":{"line":79,"column":26}},{"start":{"line":80,"column":16},"end":{"line":144,"column":22}}],"line":79},"3":{"loc":{"start":{"line":89,"column":25},"end":{"line":91,"column":30}},"type":"cond-expr","locations":[{"start":{"line":90,"column":28},"end":{"line":90,"column":41}},{"start":{"line":91,"column":28},"end":{"line":91,"column":30}}],"line":89},"4":{"loc":{"start":{"line":89,"column":25},"end":{"line":89,"column":60}},"type":"binary-expr","locations":[{"start":{"line":89,"column":25},"end":{"line":89,"column":40}},{"start":{"line":89,"column":44},"end":{"line":89,"column":60}}],"line":89},"5":{"loc":{"start":{"line":109,"column":25},"end":{"line":109,"column":75}},"type":"cond-expr","locations":[{"start":{"line":109,"column":57},"end":{"line":109,"column":70}},{"start":{"line":109,"column":73},"end":{"line":109,"column":75}}],"line":109},"6":{"loc":{"start":{"line":109,"column":25},"end":{"line":109,"column":54}},"type":"binary-expr","locations":[{"start":{"line":109,"column":25},"end":{"line":109,"column":37}},{"start":{"line":109,"column":41},"end":{"line":109,"column":54}}],"line":109},"7":{"loc":{"start":{"line":127,"column":25},"end":{"line":129,"column":30}},"type":"cond-expr","locations":[{"start":{"line":128,"column":28},"end":{"line":128,"column":41}},{"start":{"line":129,"column":28},"end":{"line":129,"column":30}}],"line":127},"8":{"loc":{"start":{"line":127,"column":25},"end":{"line":127,"column":60}},"type":"binary-expr","locations":[{"start":{"line":127,"column":25},"end":{"line":127,"column":40}},{"start":{"line":127,"column":44},"end":{"line":127,"column":60}}],"line":127},"9":{"loc":{"start":{"line":150,"column":7},"end":{"line":161,"column":7}},"type":"binary-expr","locations":[{"start":{"line":150,"column":7},"end":{"line":150,"column":14}},{"start":{"line":151,"column":8},"end":{"line":160,"column":14}}],"line":150},"10":{"loc":{"start":{"line":154,"column":14},"end":{"line":154,"column":71}},"type":"cond-expr","locations":[{"start":{"line":154,"column":27},"end":{"line":154,"column":48}},{"start":{"line":154,"column":51},"end":{"line":154,"column":71}}],"line":154}},"s":{"0":1,"1":4,"2":3,"3":3,"4":3,"5":3,"6":3,"7":3,"8":3,"9":3,"10":1,"11":1,"12":1,"13":0,"14":0,"15":0,"16":3,"17":14,"18":10,"19":3,"20":20},"f":{"0":4,"1":3,"2":3,"3":1,"4":0,"5":0,"6":14,"7":10,"8":20},"b":{"0":[14,14,10],"1":[10,10,8],"2":[20,20],"3":[4,16],"4":[20,4],"5":[4,16],"6":[20,4],"7":[1,19],"8":[20,1],"9":[3,0],"10":[0,0]},"_coverageSchema":"1a1c01bbd47fc00a2c39e90264f33305004495a9","hash":"35e640290006dec56ab7d3035f49071825d89b84"}
,"D:\\WalletApp-ForDeployment\\wallet-application-frontend\\src\\components\\Cashbacks\\Cashback.css": {"path":"D:\\WalletApp-ForDeployment\\wallet-application-frontend\\src\\components\\Cashbacks\\Cashback.css","statementMap":{"0":{"start":{"line":1,"column":0},"end":{"line":1,"column":20}}},"fnMap":{},"branchMap":{},"s":{"0":1},"f":{},"b":{},"inputSourceMap":null,"_coverageSchema":"1a1c01bbd47fc00a2c39e90264f33305004495a9","hash":"85923cec1213f6b2d2da83ddac93e0af845c6f2a"}
,"D:\\WalletApp-ForDeployment\\wallet-application-frontend\\src\\components\\Cashbacks\\Cashback.js": {"path":"D:\\WalletApp-ForDeployment\\wallet-application-frontend\\src\\components\\Cashbacks\\Cashback.js","statementMap":{"0":{"start":{"line":6,"column":16},"end":{"line":6,"column":50}},"1":{"start":{"line":8,"column":36},"end":{"line":8,"column":48}},"2":{"start":{"line":9,"column":31},"end":{"line":9,"column":46}},"3":{"start":{"line":10,"column":32},"end":{"line":10,"column":66}},"4":{"start":{"line":10,"column":55},"end":{"line":10,"column":65}},"5":{"start":{"line":11,"column":19},"end":{"line":11,"column":39}},"6":{"start":{"line":12,"column":25},"end":{"line":13,"column":4}},"7":{"start":{"line":14,"column":2},"end":{"line":23,"column":25}},"8":{"start":{"line":15,"column":4},"end":{"line":21,"column":9}},"9":{"start":{"line":17,"column":8},"end":{"line":17,"column":36}},"10":{"start":{"line":25,"column":2},"end":{"line":48,"column":4}},"11":{"start":{"line":39,"column":14},"end":{"line":40,"column":27}}},"fnMap":{"0":{"name":"Cashback","decl":{"start":{"line":7,"column":9},"end":{"line":7,"column":17}},"loc":{"start":{"line":7,"column":20},"end":{"line":49,"column":1}},"line":7},"1":{"name":"(anonymous_1)","decl":{"start":{"line":10,"column":44},"end":{"line":10,"column":45}},"loc":{"start":{"line":10,"column":55},"end":{"line":10,"column":65}},"line":10},"2":{"name":"(anonymous_2)","decl":{"start":{"line":12,"column":25},"end":{"line":12,"column":26}},"loc":{"start":{"line":12,"column":29},"end":{"line":13,"column":4}},"line":12},"3":{"name":"(anonymous_3)","decl":{"start":{"line":14,"column":12},"end":{"line":14,"column":13}},"loc":{"start":{"line":14,"column":18},"end":{"line":23,"column":3}},"line":14},"4":{"name":"(anonymous_4)","decl":{"start":{"line":16,"column":12},"end":{"line":16,"column":13}},"loc":{"start":{"line":16,"column":24},"end":{"line":18,"column":7}},"line":16},"5":{"name":"(anonymous_5)","decl":{"start":{"line":19,"column":13},"end":{"line":19,"column":14}},"loc":{"start":{"line":19,"column":22},"end":{"line":21,"column":7}},"line":19},"6":{"name":"(anonymous_6)","decl":{"start":{"line":38,"column":27},"end":{"line":38,"column":28}},"loc":{"start":{"line":39,"column":14},"end":{"line":40,"column":27}},"line":39}},"branchMap":{"0":{"loc":{"start":{"line":27,"column":6},"end":{"line":45,"column":6}},"type":"cond-expr","locations":[{"start":{"line":27,"column":33},"end":{"line":27,"column":89}},{"start":{"line":28,"column":8},"end":{"line":44,"column":12}}],"line":27}},"s":{"0":1,"1":4,"2":3,"3":3,"4":3,"5":3,"6":3,"7":3,"8":2,"9":2,"10":3,"11":1},"f":{"0":4,"1":3,"2":0,"3":2,"4":2,"5":0,"6":1},"b":{"0":[2,1]},"_coverageSchema":"1a1c01bbd47fc00a2c39e90264f33305004495a9","hash":"82e98702208039b3fd6d8ebe0adfb5adb2b2b04d"}
,"D:\\WalletApp-ForDeployment\\wallet-application-frontend\\src\\components\\Cashbacks\\CashbackItem.css": {"path":"D:\\WalletApp-ForDeployment\\wallet-application-frontend\\src\\components\\Cashbacks\\CashbackItem.css","statementMap":{"0":{"start":{"line":1,"column":0},"end":{"line":1,"column":20}}},"fnMap":{},"branchMap":{},"s":{"0":2},"f":{},"b":{},"inputSourceMap":null,"_coverageSchema":"1a1c01bbd47fc00a2c39e90264f33305004495a9","hash":"7ac32f8edd76c6c5a424c81dd347304c809e55f8"}
,"D:\\WalletApp-ForDeployment\\wallet-application-frontend\\src\\components\\Cashbacks\\CashbackItem.js": {"path":"D:\\WalletApp-ForDeployment\\wallet-application-frontend\\src\\components\\Cashbacks\\CashbackItem.js","statementMap":{"0":{"start":{"line":4,"column":16},"end":{"line":4,"column":50}},"1":{"start":{"line":7,"column":21},"end":{"line":7,"column":35}},"2":{"start":{"line":8,"column":32},"end":{"line":8,"column":45}},"3":{"start":{"line":9,"column":32},"end":{"line":15,"column":5}},"4":{"start":{"line":10,"column":8},"end":{"line":13,"column":10}},"5":{"start":{"line":11,"column":27},"end":{"line":11,"column":87}},"6":{"start":{"line":14,"column":8},"end":{"line":14,"column":29}},"7":{"start":{"line":16,"column":4},"end":{"line":21,"column":5}}},"fnMap":{"0":{"name":"CashbackItem","decl":{"start":{"line":6,"column":9},"end":{"line":6,"column":21}},"loc":{"start":{"line":6,"column":28},"end":{"line":22,"column":1}},"line":6},"1":{"name":"(anonymous_1)","decl":{"start":{"line":9,"column":32},"end":{"line":9,"column":33}},"loc":{"start":{"line":9,"column":36},"end":{"line":15,"column":5}},"line":9},"2":{"name":"(anonymous_2)","decl":{"start":{"line":11,"column":12},"end":{"line":11,"column":13}},"loc":{"start":{"line":11,"column":26},"end":{"line":12,"column":9}},"line":11}},"branchMap":{},"s":{"0":2,"1":4,"2":2,"3":2,"4":1,"5":1,"6":1,"7":2},"f":{"0":4,"1":1,"2":1},"b":{},"_coverageSchema":"1a1c01bbd47fc00a2c39e90264f33305004495a9","hash":"683a6b880b7fa6591c8ac16d9c33fb45739b0a9d"}
,"D:\\WalletApp-ForDeployment\\wallet-application-frontend\\src\\components\\Transactions\\Transaction.js": {"path":"D:\\WalletApp-ForDeployment\\wallet-application-frontend\\src\\components\\Transactions\\Transaction.js","statementMap":{"0":{"start":{"line":5,"column":16},"end":{"line":5,"column":53}},"1":{"start":{"line":7,"column":20},"end":{"line":7,"column":51}},"2":{"start":{"line":9,"column":2},"end":{"line":11,"column":3}},"3":{"start":{"line":10,"column":5},"end":{"line":10,"column":55}},"4":{"start":{"line":12,"column":42},"end":{"line":12,"column":54}},"5":{"start":{"line":13,"column":32},"end":{"line":13,"column":66}},"6":{"start":{"line":13,"column":55},"end":{"line":13,"column":65}},"7":{"start":{"line":14,"column":19},"end":{"line":14,"column":39}},"8":{"start":{"line":15,"column":2},"end":{"line":26,"column":23}},"9":{"start":{"line":16,"column":4},"end":{"line":25,"column":9}},"10":{"start":{"line":22,"column":8},"end":{"line":22,"column":39}},"11":{"start":{"line":29,"column":22},"end":{"line":35,"column":3}},"12":{"start":{"line":30,"column":4},"end":{"line":34,"column":5}},"13":{"start":{"line":31,"column":6},"end":{"line":31,"column":19}},"14":{"start":{"line":33,"column":6},"end":{"line":33,"column":40}},"15":{"start":{"line":36,"column":26},"end":{"line":42,"column":3}},"16":{"start":{"line":37,"column":4},"end":{"line":41,"column":5}},"17":{"start":{"line":38,"column":6},"end":{"line":38,"column":19}},"18":{"start":{"line":40,"column":6},"end":{"line":40,"column":42}},"19":{"start":{"line":44,"column":2},"end":{"line":70,"column":4}},"20":{"start":{"line":58,"column":12},"end":{"line":65,"column":17}}},"fnMap":{"0":{"name":"Transaction","decl":{"start":{"line":6,"column":9},"end":{"line":6,"column":20}},"loc":{"start":{"line":6,"column":23},"end":{"line":71,"column":1}},"line":6},"1":{"name":"(anonymous_1)","decl":{"start":{"line":13,"column":44},"end":{"line":13,"column":45}},"loc":{"start":{"line":13,"column":55},"end":{"line":13,"column":65}},"line":13},"2":{"name":"(anonymous_2)","decl":{"start":{"line":15,"column":12},"end":{"line":15,"column":13}},"loc":{"start":{"line":15,"column":18},"end":{"line":26,"column":3}},"line":15},"3":{"name":"(anonymous_3)","decl":{"start":{"line":21,"column":12},"end":{"line":21,"column":13}},"loc":{"start":{"line":21,"column":24},"end":{"line":23,"column":7}},"line":21},"4":{"name":"(anonymous_4)","decl":{"start":{"line":24,"column":13},"end":{"line":24,"column":14}},"loc":{"start":{"line":24,"column":22},"end":{"line":25,"column":7}},"line":24},"5":{"name":"(anonymous_5)","decl":{"start":{"line":29,"column":22},"end":{"line":29,"column":23}},"loc":{"start":{"line":29,"column":39},"end":{"line":35,"column":3}},"line":29},"6":{"name":"(anonymous_6)","decl":{"start":{"line":36,"column":26},"end":{"line":36,"column":27}},"loc":{"start":{"line":36,"column":43},"end":{"line":42,"column":3}},"line":36},"7":{"name":"(anonymous_7)","decl":{"start":{"line":57,"column":28},"end":{"line":57,"column":29}},"loc":{"start":{"line":58,"column":12},"end":{"line":65,"column":17}},"line":58}},"branchMap":{"0":{"loc":{"start":{"line":9,"column":2},"end":{"line":11,"column":3}},"type":"if","locations":[{"start":{"line":9,"column":2},"end":{"line":11,"column":3}},{"start":{},"end":{}}],"line":9},"1":{"loc":{"start":{"line":30,"column":4},"end":{"line":34,"column":5}},"type":"if","locations":[{"start":{"line":30,"column":4},"end":{"line":34,"column":5}},{"start":{"line":32,"column":11},"end":{"line":34,"column":5}}],"line":30},"2":{"loc":{"start":{"line":37,"column":4},"end":{"line":41,"column":5}},"type":"if","locations":[{"start":{"line":37,"column":4},"end":{"line":41,"column":5}},{"start":{"line":39,"column":11},"end":{"line":41,"column":5}}],"line":37},"3":{"loc":{"start":{"line":58,"column":61},"end":{"line":58,"column":124}},"type":"cond-expr","locations":[{"start":{"line":58,"column":103},"end":{"line":58,"column":112}},{"start":{"line":58,"column":115},"end":{"line":58,"column":124}}],"line":58},"4":{"loc":{"start":{"line":61,"column":34},"end":{"line":61,"column":91}},"type":"cond-expr","locations":[{"start":{"line":61,"column":76},"end":{"line":61,"column":81}},{"start":{"line":61,"column":84},"end":{"line":61,"column":91}}],"line":61}},"s":{"0":1,"1":2,"2":2,"3":0,"4":2,"5":2,"6":2,"7":2,"8":2,"9":1,"10":1,"11":2,"12":1,"13":0,"14":1,"15":2,"16":1,"17":0,"18":1,"19":2,"20":1},"f":{"0":2,"1":2,"2":1,"3":1,"4":0,"5":1,"6":1,"7":1},"b":{"0":[0,2],"1":[0,1],"2":[0,1],"3":[0,1],"4":[0,1]},"_coverageSchema":"1a1c01bbd47fc00a2c39e90264f33305004495a9","hash":"72b5567cdcbf3aebbc2f6d6def4d51bb419071bd"}
,"D:\\WalletApp-ForDeployment\\wallet-application-frontend\\src\\components\\Wallets\\AddFunds.css": {"path":"D:\\WalletApp-ForDeployment\\wallet-application-frontend\\src\\components\\Wallets\\AddFunds.css","statementMap":{"0":{"start":{"line":1,"column":0},"end":{"line":1,"column":20}}},"fnMap":{},"branchMap":{},"s":{"0":2},"f":{},"b":{},"inputSourceMap":null,"_coverageSchema":"1a1c01bbd47fc00a2c39e90264f33305004495a9","hash":"8836b76afd441ff877ea01738fdab1ec75e39b3a"}
,"D:\\WalletApp-ForDeployment\\wallet-application-frontend\\src\\components\\Wallets\\AddFunds.js": {"path":"D:\\WalletApp-ForDeployment\\wallet-application-frontend\\src\\components\\Wallets\\AddFunds.js","statementMap":{"0":{"start":{"line":6,"column":16},"end":{"line":6,"column":48}},"1":{"start":{"line":9,"column":20},"end":{"line":9,"column":51}},"2":{"start":{"line":11,"column":2},"end":{"line":13,"column":3}},"3":{"start":{"line":12,"column":5},"end":{"line":12,"column":55}},"4":{"start":{"line":14,"column":30},"end":{"line":14,"column":43}},"5":{"start":{"line":15,"column":30},"end":{"line":15,"column":41}},"6":{"start":{"line":16,"column":17},"end":{"line":16,"column":29}},"7":{"start":{"line":42,"column":32},"end":{"line":44,"column":3}},"8":{"start":{"line":43,"column":4},"end":{"line":43,"column":34}},"9":{"start":{"line":45,"column":26},"end":{"line":49,"column":3}},"10":{"start":{"line":46,"column":4},"end":{"line":46,"column":27}},"11":{"start":{"line":47,"column":4},"end":{"line":47,"column":16}},"12":{"start":{"line":48,"column":4},"end":{"line":48,"column":20}},"13":{"start":{"line":50,"column":2},"end":{"line":68,"column":4}}},"fnMap":{"0":{"name":"AddFunds","decl":{"start":{"line":8,"column":9},"end":{"line":8,"column":17}},"loc":{"start":{"line":8,"column":25},"end":{"line":70,"column":1}},"line":8},"1":{"name":"(anonymous_1)","decl":{"start":{"line":42,"column":32},"end":{"line":42,"column":33}},"loc":{"start":{"line":42,"column":41},"end":{"line":44,"column":3}},"line":42},"2":{"name":"(anonymous_2)","decl":{"start":{"line":45,"column":26},"end":{"line":45,"column":27}},"loc":{"start":{"line":45,"column":35},"end":{"line":49,"column":3}},"line":45}},"branchMap":{"0":{"loc":{"start":{"line":11,"column":2},"end":{"line":13,"column":3}},"type":"if","locations":[{"start":{"line":11,"column":2},"end":{"line":13,"column":3}},{"start":{},"end":{}}],"line":11}},"s":{"0":2,"1":6,"2":6,"3":0,"4":6,"5":6,"6":6,"7":6,"8":1,"9":6,"10":1,"11":1,"12":1,"13":6},"f":{"0":6,"1":1,"2":1},"b":{"0":[0,6]},"_coverageSchema":"1a1c01bbd47fc00a2c39e90264f33305004495a9","hash":"207cef256f599b9b6ad0674ad32620223f696e99"}
,"D:\\WalletApp-ForDeployment\\wallet-application-frontend\\src\\components\\Wallets\\TransferFunds.css": {"path":"D:\\WalletApp-ForDeployment\\wallet-application-frontend\\src\\components\\Wallets\\TransferFunds.css","statementMap":{"0":{"start":{"line":1,"column":0},"end":{"line":1,"column":20}}},"fnMap":{},"branchMap":{},"s":{"0":2},"f":{},"b":{},"inputSourceMap":null,"_coverageSchema":"1a1c01bbd47fc00a2c39e90264f33305004495a9","hash":"bac103d2a67265067d12286ac0eacc08e2c795a9"}
,"D:\\WalletApp-ForDeployment\\wallet-application-frontend\\src\\components\\Wallets\\TransferFunds.js": {"path":"D:\\WalletApp-ForDeployment\\wallet-application-frontend\\src\\components\\Wallets\\TransferFunds.js","statementMap":{"0":{"start":{"line":9,"column":20},"end":{"line":9,"column":51}},"1":{"start":{"line":11,"column":2},"end":{"line":13,"column":3}},"2":{"start":{"line":12,"column":5},"end":{"line":12,"column":55}},"3":{"start":{"line":14,"column":30},"end":{"line":14,"column":43}},"4":{"start":{"line":15,"column":19},"end":{"line":15,"column":32}},"5":{"start":{"line":16,"column":34},"end":{"line":16,"column":46}},"6":{"start":{"line":17,"column":30},"end":{"line":17,"column":41}},"7":{"start":{"line":18,"column":32},"end":{"line":18,"column":66}},"8":{"start":{"line":18,"column":55},"end":{"line":18,"column":65}},"9":{"start":{"line":19,"column":25},"end":{"line":19,"column":45}},"10":{"start":{"line":20,"column":22},"end":{"line":20,"column":59}},"11":{"start":{"line":20,"column":45},"end":{"line":20,"column":58}},"12":{"start":{"line":21,"column":2},"end":{"line":23,"column":17}},"13":{"start":{"line":22,"column":4},"end":{"line":22,"column":29}},"14":{"start":{"line":24,"column":23},"end":{"line":37,"column":1}},"15":{"start":{"line":27,"column":4},"end":{"line":27,"column":23}},"16":{"start":{"line":28,"column":4},"end":{"line":36,"column":9}},"17":{"start":{"line":31,"column":8},"end":{"line":31,"column":89}},"18":{"start":{"line":32,"column":8},"end":{"line":32,"column":21}},"19":{"start":{"line":35,"column":8},"end":{"line":35,"column":74}},"20":{"start":{"line":39,"column":2},"end":{"line":81,"column":4}},"21":{"start":{"line":49,"column":29},"end":{"line":49,"column":56}},"22":{"start":{"line":58,"column":29},"end":{"line":58,"column":54}}},"fnMap":{"0":{"name":"TransferFunds","decl":{"start":{"line":8,"column":9},"end":{"line":8,"column":22}},"loc":{"start":{"line":8,"column":30},"end":{"line":82,"column":1}},"line":8},"1":{"name":"(anonymous_1)","decl":{"start":{"line":18,"column":44},"end":{"line":18,"column":45}},"loc":{"start":{"line":18,"column":55},"end":{"line":18,"column":65}},"line":18},"2":{"name":"(anonymous_2)","decl":{"start":{"line":20,"column":34},"end":{"line":20,"column":35}},"loc":{"start":{"line":20,"column":45},"end":{"line":20,"column":58}},"line":20},"3":{"name":"(anonymous_3)","decl":{"start":{"line":21,"column":12},"end":{"line":21,"column":13}},"loc":{"start":{"line":21,"column":18},"end":{"line":23,"column":3}},"line":21},"4":{"name":"(anonymous_4)","decl":{"start":{"line":24,"column":23},"end":{"line":24,"column":24}},"loc":{"start":{"line":24,"column":30},"end":{"line":37,"column":1}},"line":24},"5":{"name":"(anonymous_5)","decl":{"start":{"line":30,"column":12},"end":{"line":30,"column":13}},"loc":{"start":{"line":30,"column":18},"end":{"line":33,"column":7}},"line":30},"6":{"name":"(anonymous_6)","decl":{"start":{"line":34,"column":13},"end":{"line":34,"column":14}},"loc":{"start":{"line":34,"column":20},"end":{"line":36,"column":7}},"line":34},"7":{"name":"(anonymous_7)","decl":{"start":{"line":49,"column":22},"end":{"line":49,"column":23}},"loc":{"start":{"line":49,"column":29},"end":{"line":49,"column":56}},"line":49},"8":{"name":"(anonymous_8)","decl":{"start":{"line":58,"column":22},"end":{"line":58,"column":23}},"loc":{"start":{"line":58,"column":29},"end":{"line":58,"column":54}},"line":58}},"branchMap":{"0":{"loc":{"start":{"line":11,"column":2},"end":{"line":13,"column":3}},"type":"if","locations":[{"start":{"line":11,"column":2},"end":{"line":13,"column":3}},{"start":{},"end":{}}],"line":11},"1":{"loc":{"start":{"line":71,"column":9},"end":{"line":77,"column":7}},"type":"binary-expr","locations":[{"start":{"line":71,"column":9},"end":{"line":71,"column":16}},{"start":{"line":72,"column":8},"end":{"line":76,"column":14}}],"line":71}},"s":{"0":4,"1":4,"2":0,"3":4,"4":4,"5":4,"6":4,"7":4,"8":4,"9":4,"10":4,"11":4,"12":4,"13":2,"14":4,"15":1,"16":1,"17":1,"18":1,"19":0,"20":4,"21":1,"22":1},"f":{"0":4,"1":4,"2":4,"3":2,"4":1,"5":1,"6":0,"7":1,"8":1},"b":{"0":[0,4],"1":[4,0]},"_coverageSchema":"1a1c01bbd47fc00a2c39e90264f33305004495a9","hash":"b4bbfa9bac1a17ea67279b1e8fc55846d8c194d3"}
,"D:\\WalletApp-ForDeployment\\wallet-application-frontend\\src\\components\\Wallets\\Wallet.js": {"path":"D:\\WalletApp-ForDeployment\\wallet-application-frontend\\src\\components\\Wallets\\Wallet.js","statementMap":{"0":{"start":{"line":8,"column":16},"end":{"line":8,"column":48}},"1":{"start":{"line":10,"column":15},"end":{"line":68,"column":1}},"2":{"start":{"line":11,"column":31},"end":{"line":11,"column":45}},"3":{"start":{"line":12,"column":35},"end":{"line":12,"column":50}},"4":{"start":{"line":13,"column":45},"end":{"line":13,"column":60}},"5":{"start":{"line":14,"column":53},"end":{"line":14,"column":68}},"6":{"start":{"line":15,"column":34},"end":{"line":15,"column":68}},"7":{"start":{"line":15,"column":57},"end":{"line":15,"column":67}},"8":{"start":{"line":17,"column":22},"end":{"line":17,"column":53}},"9":{"start":{"line":19,"column":4},"end":{"line":21,"column":5}},"10":{"start":{"line":20,"column":8},"end":{"line":20,"column":58}},"11":{"start":{"line":22,"column":4},"end":{"line":22,"column":23}},"12":{"start":{"line":23,"column":4},"end":{"line":34,"column":54}},"13":{"start":{"line":24,"column":8},"end":{"line":33,"column":10}},"14":{"start":{"line":30,"column":27},"end":{"line":30,"column":52}},"15":{"start":{"line":30,"column":52},"end":{"line":30,"column":79}},"16":{"start":{"line":35,"column":29},"end":{"line":37,"column":5}},"17":{"start":{"line":36,"column":8},"end":{"line":36,"column":48}},"18":{"start":{"line":38,"column":30},"end":{"line":40,"column":5}},"19":{"start":{"line":39,"column":8},"end":{"line":39,"column":26}},"20":{"start":{"line":41,"column":27},"end":{"line":43,"column":5}},"21":{"start":{"line":42,"column":8},"end":{"line":42,"column":27}},"22":{"start":{"line":44,"column":30},"end":{"line":46,"column":5}},"23":{"start":{"line":45,"column":8},"end":{"line":45,"column":31}},"24":{"start":{"line":47,"column":35},"end":{"line":49,"column":5}},"25":{"start":{"line":48,"column":8},"end":{"line":48,"column":32}},"26":{"start":{"line":50,"column":4},"end":{"line":67,"column":6}}},"fnMap":{"0":{"name":"(anonymous_0)","decl":{"start":{"line":10,"column":15},"end":{"line":10,"column":16}},"loc":{"start":{"line":10,"column":21},"end":{"line":68,"column":1}},"line":10},"1":{"name":"(anonymous_1)","decl":{"start":{"line":15,"column":46},"end":{"line":15,"column":47}},"loc":{"start":{"line":15,"column":57},"end":{"line":15,"column":67}},"line":15},"2":{"name":"(anonymous_2)","decl":{"start":{"line":23,"column":14},"end":{"line":23,"column":15}},"loc":{"start":{"line":23,"column":18},"end":{"line":34,"column":5}},"line":23},"3":{"name":"(anonymous_3)","decl":{"start":{"line":30,"column":12},"end":{"line":30,"column":13}},"loc":{"start":{"line":30,"column":26},"end":{"line":32,"column":13}},"line":30},"4":{"name":"(anonymous_4)","decl":{"start":{"line":35,"column":29},"end":{"line":35,"column":30}},"loc":{"start":{"line":35,"column":33},"end":{"line":37,"column":5}},"line":35},"5":{"name":"(anonymous_5)","decl":{"start":{"line":38,"column":30},"end":{"line":38,"column":31}},"loc":{"start":{"line":38,"column":36},"end":{"line":40,"column":5}},"line":38},"6":{"name":"(anonymous_6)","decl":{"start":{"line":41,"column":27},"end":{"line":41,"column":28}},"loc":{"start":{"line":41,"column":33},"end":{"line":43,"column":5}},"line":41},"7":{"name":"(anonymous_7)","decl":{"start":{"line":44,"column":30},"end":{"line":44,"column":31}},"loc":{"start":{"line":44,"column":34},"end":{"line":46,"column":5}},"line":44},"8":{"name":"(anonymous_8)","decl":{"start":{"line":47,"column":35},"end":{"line":47,"column":36}},"loc":{"start":{"line":47,"column":41},"end":{"line":49,"column":5}},"line":47}},"branchMap":{"0":{"loc":{"start":{"line":19,"column":4},"end":{"line":21,"column":5}},"type":"if","locations":[{"start":{"line":19,"column":4},"end":{"line":21,"column":5}},{"start":{},"end":{}}],"line":19},"1":{"loc":{"start":{"line":52,"column":14},"end":{"line":52,"column":39}},"type":"binary-expr","locations":[{"start":{"line":52,"column":14},"end":{"line":52,"column":20}},{"start":{"line":52,"column":24},"end":{"line":52,"column":39}}],"line":52},"2":{"loc":{"start":{"line":55,"column":33},"end":{"line":55,"column":62}},"type":"binary-expr","locations":[{"start":{"line":55,"column":33},"end":{"line":55,"column":39}},{"start":{"line":55,"column":43},"end":{"line":55,"column":62}}],"line":55},"3":{"loc":{"start":{"line":63,"column":7},"end":{"line":63,"column":99}},"type":"binary-expr","locations":[{"start":{"line":63,"column":7},"end":{"line":63,"column":15}},{"start":{"line":63,"column":19},"end":{"line":63,"column":99}}],"line":63},"4":{"loc":{"start":{"line":64,"column":7},"end":{"line":64,"column":128}},"type":"binary-expr","locations":[{"start":{"line":64,"column":7},"end":{"line":64,"column":20}},{"start":{"line":64,"column":24},"end":{"line":64,"column":128}}],"line":64}},"s":{"0":1,"1":1,"2":5,"3":4,"4":4,"5":4,"6":4,"7":4,"8":4,"9":4,"10":0,"11":4,"12":4,"13":2,"14":2,"15":2,"16":4,"17":0,"18":4,"19":1,"20":4,"21":0,"22":4,"23":0,"24":4,"25":0,"26":4},"f":{"0":5,"1":4,"2":2,"3":2,"4":0,"5":1,"6":0,"7":0,"8":0},"b":{"0":[0,4],"1":[4,1],"2":[4,1],"3":[4,1],"4":[4,0]},"_coverageSchema":"1a1c01bbd47fc00a2c39e90264f33305004495a9","hash":"a216c1b2cd1b041747b60b4bba1d917bf877b9e7"}
,"D:\\WalletApp-ForDeployment\\wallet-application-frontend\\src\\components\\Wallets\\wallet.css": {"path":"D:\\WalletApp-ForDeployment\\wallet-application-frontend\\src\\components\\Wallets\\wallet.css","statementMap":{"0":{"start":{"line":1,"column":0},"end":{"line":1,"column":20}}},"fnMap":{},"branchMap":{},"s":{"0":1},"f":{},"b":{},"inputSourceMap":null,"_coverageSchema":"1a1c01bbd47fc00a2c39e90264f33305004495a9","hash":"4818d29e81d9f364d2d2316ad077b023f7b4d1f1"}
,"D:\\WalletApp-ForDeployment\\wallet-application-frontend\\src\\services\\auth.service.js": {"path":"D:\\WalletApp-ForDeployment\\wallet-application-frontend\\src\\services\\auth.service.js","statementMap":{"0":{"start":{"line":3,"column":16},"end":{"line":3,"column":46}},"1":{"start":{"line":5,"column":17},"end":{"line":11,"column":3}},"2":{"start":{"line":6,"column":4},"end":{"line":10,"column":7}},"3":{"start":{"line":13,"column":16},"end":{"line":28,"column":3}},"4":{"start":{"line":14,"column":4},"end":{"line":27,"column":9}},"5":{"start":{"line":20,"column":8},"end":{"line":23,"column":9}},"6":{"start":{"line":21,"column":10},"end":{"line":21,"column":77}},"7":{"start":{"line":22,"column":10},"end":{"line":22,"column":78}},"8":{"start":{"line":25,"column":8},"end":{"line":25,"column":40}},"9":{"start":{"line":26,"column":8},"end":{"line":26,"column":34}},"10":{"start":{"line":29,"column":17},"end":{"line":35,"column":3}},"11":{"start":{"line":30,"column":4},"end":{"line":30,"column":38}},"12":{"start":{"line":31,"column":4},"end":{"line":31,"column":39}},"13":{"start":{"line":32,"column":4},"end":{"line":34,"column":7}},"14":{"start":{"line":33,"column":6},"end":{"line":33,"column":27}},"15":{"start":{"line":37,"column":22},"end":{"line":41,"column":3}}},"fnMap":{"0":{"name":"(anonymous_0)","decl":{"start":{"line":5,"column":17},"end":{"line":5,"column":18}},"loc":{"start":{"line":5,"column":48},"end":{"line":11,"column":3}},"line":5},"1":{"name":"(anonymous_1)","decl":{"start":{"line":13,"column":16},"end":{"line":13,"column":17}},"loc":{"start":{"line":13,"column":40},"end":{"line":28,"column":3}},"line":13},"2":{"name":"(anonymous_2)","decl":{"start":{"line":19,"column":12},"end":{"line":19,"column":13}},"loc":{"start":{"line":19,"column":26},"end":{"line":27,"column":7}},"line":19},"3":{"name":"(anonymous_3)","decl":{"start":{"line":29,"column":17},"end":{"line":29,"column":18}},"loc":{"start":{"line":29,"column":23},"end":{"line":35,"column":3}},"line":29},"4":{"name":"(anonymous_4)","decl":{"start":{"line":32,"column":48},"end":{"line":32,"column":49}},"loc":{"start":{"line":32,"column":62},"end":{"line":34,"column":5}},"line":32}},"branchMap":{"0":{"loc":{"start":{"line":20,"column":8},"end":{"line":23,"column":9}},"type":"if","locations":[{"start":{"line":20,"column":8},"end":{"line":23,"column":9}},{"start":{},"end":{}}],"line":20}},"s":{"0":3,"1":3,"2":2,"3":3,"4":2,"5":1,"6":1,"7":1,"8":1,"9":1,"10":3,"11":1,"12":1,"13":1,"14":1,"15":3},"f":{"0":2,"1":2,"2":1,"3":1,"4":1},"b":{"0":[1,0]},"_coverageSchema":"1a1c01bbd47fc00a2c39e90264f33305004495a9","hash":"24553fef51074047cecb3b8a00bcdb21b4554e01"}
,"D:\\WalletApp-ForDeployment\\wallet-application-frontend\\src\\services\\wallet.service.js": {"path":"D:\\WalletApp-ForDeployment\\wallet-application-frontend\\src\\services\\wallet.service.js","statementMap":{"0":{"start":{"line":2,"column":16},"end":{"line":2,"column":48}},"1":{"start":{"line":4,"column":17},"end":{"line":13,"column":1}},"2":{"start":{"line":5,"column":4},"end":{"line":12,"column":9}},"3":{"start":{"line":15,"column":22},"end":{"line":17,"column":1}}},"fnMap":{"0":{"name":"(anonymous_0)","decl":{"start":{"line":4,"column":17},"end":{"line":4,"column":18}},"loc":{"start":{"line":4,"column":65},"end":{"line":13,"column":1}},"line":4}},"branchMap":{},"s":{"0":2,"1":2,"2":1,"3":2},"f":{"0":1},"b":{},"_coverageSchema":"1a1c01bbd47fc00a2c39e90264f33305004495a9","hash":"7b2083764a3f987ecb01bcfae36c195fd0a33567"}
}
