TN:
SF:src\components\Home.css
FNF:0
FNH:0
DA:1,1
LF:1
LH:1
BRF:0
BRH:0
end_of_record
TN:
SF:src\components\Home.js
FN:6,Home
FNF:1
FNH:1
FNDA:4,Home
DA:7,4
LF:1
LH:1
BRF:0
BRH:0
end_of_record
TN:
SF:src\components\Login.js
FN:8,(anonymous_0)
FN:13,(anonymous_1)
FN:14,(anonymous_2)
FN:17,(anonymous_3)
FN:32,(anonymous_4)
FN:39,(anonymous_5)
FN:42,(anonymous_6)
FN:65,(anonymous_7)
FNF:8
FNH:6
FNDA:4,(anonymous_0)
FNDA:3,(anonymous_1)
FNDA:3,(anonymous_2)
FNDA:3,(anonymous_3)
FNDA:1,(anonymous_4)
FNDA:0,(anonymous_5)
FNDA:0,(anonymous_6)
FNDA:9,(anonymous_7)
DA:8,1
DA:9,4
DA:11,3
DA:13,3
DA:14,3
DA:15,3
DA:17,3
DA:18,3
DA:22,3
DA:27,3
DA:32,3
DA:34,1
DA:35,1
DA:37,1
DA:40,0
DA:43,0
DA:47,3
DA:48,0
DA:51,3
DA:66,9
LF:20
LH:17
BRDA:47,0,0,0
BRDA:47,0,1,3
BRDA:75,1,0,1
BRDA:75,1,1,8
BRDA:75,2,0,9
BRDA:75,2,1,1
BRDA:94,3,0,0
BRDA:94,3,1,9
BRDA:94,4,0,9
BRDA:94,4,1,0
BRDA:111,5,0,9
BRDA:111,5,1,0
BRDA:121,6,0,3
BRDA:121,6,1,0
BRF:14
BRH:9
end_of_record
TN:
SF:src\components\Register.js
FN:8,(anonymous_0)
FN:13,(anonymous_1)
FN:15,(anonymous_2)
FN:27,(anonymous_3)
FN:32,(anonymous_4)
FN:36,(anonymous_5)
FN:45,(anonymous_6)
FN:56,(anonymous_7)
FN:76,(anonymous_8)
FNF:9
FNH:7
FNDA:4,(anonymous_0)
FNDA:3,(anonymous_1)
FNDA:3,(anonymous_2)
FNDA:1,(anonymous_3)
FNDA:0,(anonymous_4)
FNDA:0,(anonymous_5)
FNDA:14,(anonymous_6)
FNDA:10,(anonymous_7)
FNDA:20,(anonymous_8)
DA:8,1
DA:9,4
DA:10,3
DA:11,3
DA:13,3
DA:15,3
DA:16,3
DA:19,3
DA:27,3
DA:28,1
DA:29,1
DA:30,1
DA:33,0
DA:34,0
DA:37,0
DA:40,3
DA:46,14
DA:57,10
DA:62,3
DA:78,20
LF:20
LH:17
BRDA:46,0,0,14
BRDA:46,0,1,14
BRDA:46,0,2,10
BRDA:57,1,0,10
BRDA:57,1,1,10
BRDA:57,1,2,8
BRDA:79,2,0,20
BRDA:79,2,1,20
BRDA:89,3,0,4
BRDA:89,3,1,16
BRDA:89,4,0,20
BRDA:89,4,1,4
BRDA:109,5,0,4
BRDA:109,5,1,16
BRDA:109,6,0,20
BRDA:109,6,1,4
BRDA:127,7,0,1
BRDA:127,7,1,19
BRDA:127,8,0,20
BRDA:127,8,1,1
BRDA:150,9,0,3
BRDA:150,9,1,0
BRDA:154,10,0,0
BRDA:154,10,1,0
BRF:24
BRH:21
end_of_record
TN:
SF:src\components\Cashbacks\Cashback.css
FNF:0
FNH:0
DA:1,1
LF:1
LH:1
BRF:0
BRH:0
end_of_record
TN:
SF:src\components\Cashbacks\Cashback.js
FN:7,Cashback
FN:10,(anonymous_1)
FN:12,(anonymous_2)
FN:14,(anonymous_3)
FN:16,(anonymous_4)
FN:19,(anonymous_5)
FN:38,(anonymous_6)
FNF:7
FNH:5
FNDA:4,Cashback
FNDA:3,(anonymous_1)
FNDA:0,(anonymous_2)
FNDA:2,(anonymous_3)
FNDA:2,(anonymous_4)
FNDA:0,(anonymous_5)
FNDA:1,(anonymous_6)
DA:6,1
DA:8,4
DA:9,3
DA:10,3
DA:11,3
DA:12,3
DA:14,3
DA:15,2
DA:17,2
DA:25,3
DA:39,1
LF:11
LH:11
BRDA:27,0,0,2
BRDA:27,0,1,1
BRF:2
BRH:2
end_of_record
TN:
SF:src\components\Cashbacks\CashbackItem.css
FNF:0
FNH:0
DA:1,2
LF:1
LH:1
BRF:0
BRH:0
end_of_record
TN:
SF:src\components\Cashbacks\CashbackItem.js
FN:6,CashbackItem
FN:9,(anonymous_1)
FN:11,(anonymous_2)
FNF:3
FNH:3
FNDA:4,CashbackItem
FNDA:1,(anonymous_1)
FNDA:1,(anonymous_2)
DA:4,2
DA:7,4
DA:8,2
DA:9,2
DA:10,1
DA:11,1
DA:14,1
DA:16,2
LF:8
LH:8
BRF:0
BRH:0
end_of_record
TN:
SF:src\components\Transactions\Transaction.js
FN:6,Transaction
FN:13,(anonymous_1)
FN:15,(anonymous_2)
FN:21,(anonymous_3)
FN:24,(anonymous_4)
FN:29,(anonymous_5)
FN:36,(anonymous_6)
FN:57,(anonymous_7)
FNF:8
FNH:7
FNDA:2,Transaction
FNDA:2,(anonymous_1)
FNDA:1,(anonymous_2)
FNDA:1,(anonymous_3)
FNDA:0,(anonymous_4)
FNDA:1,(anonymous_5)
FNDA:1,(anonymous_6)
FNDA:1,(anonymous_7)
DA:5,1
DA:7,2
DA:9,2
DA:10,0
DA:12,2
DA:13,2
DA:14,2
DA:15,2
DA:16,1
DA:22,1
DA:29,2
DA:30,1
DA:31,0
DA:33,1
DA:36,2
DA:37,1
DA:38,0
DA:40,1
DA:44,2
DA:58,1
LF:20
LH:17
BRDA:9,0,0,0
BRDA:9,0,1,2
BRDA:30,1,0,0
BRDA:30,1,1,1
BRDA:37,2,0,0
BRDA:37,2,1,1
BRDA:58,3,0,0
BRDA:58,3,1,1
BRDA:61,4,0,0
BRDA:61,4,1,1
BRF:10
BRH:5
end_of_record
TN:
SF:src\components\Wallets\AddFunds.css
FNF:0
FNH:0
DA:1,2
LF:1
LH:1
BRF:0
BRH:0
end_of_record
TN:
SF:src\components\Wallets\AddFunds.js
FN:8,AddFunds
FN:42,(anonymous_1)
FN:45,(anonymous_2)
FNF:3
FNH:3
FNDA:6,AddFunds
FNDA:1,(anonymous_1)
FNDA:1,(anonymous_2)
DA:6,2
DA:9,6
DA:11,6
DA:12,0
DA:14,6
DA:15,6
DA:16,6
DA:42,6
DA:43,1
DA:45,6
DA:46,1
DA:47,1
DA:48,1
DA:50,6
LF:14
LH:13
BRDA:11,0,0,0
BRDA:11,0,1,6
BRF:2
BRH:1
end_of_record
TN:
SF:src\components\Wallets\TransferFunds.css
FNF:0
FNH:0
DA:1,2
LF:1
LH:1
BRF:0
BRH:0
end_of_record
TN:
SF:src\components\Wallets\TransferFunds.js
FN:8,TransferFunds
FN:18,(anonymous_1)
FN:20,(anonymous_2)
FN:21,(anonymous_3)
FN:24,(anonymous_4)
FN:30,(anonymous_5)
FN:34,(anonymous_6)
FN:49,(anonymous_7)
FN:58,(anonymous_8)
FNF:9
FNH:8
FNDA:4,TransferFunds
FNDA:4,(anonymous_1)
FNDA:4,(anonymous_2)
FNDA:2,(anonymous_3)
FNDA:1,(anonymous_4)
FNDA:1,(anonymous_5)
FNDA:0,(anonymous_6)
FNDA:1,(anonymous_7)
FNDA:1,(anonymous_8)
DA:9,4
DA:11,4
DA:12,0
DA:14,4
DA:15,4
DA:16,4
DA:17,4
DA:18,4
DA:19,4
DA:20,4
DA:21,4
DA:22,2
DA:24,4
DA:27,1
DA:28,1
DA:31,1
DA:32,1
DA:35,0
DA:39,4
DA:49,1
DA:58,1
LF:21
LH:19
BRDA:11,0,0,0
BRDA:11,0,1,4
BRDA:71,1,0,4
BRDA:71,1,1,0
BRF:4
BRH:2
end_of_record
TN:
SF:src\components\Wallets\Wallet.js
FN:10,(anonymous_0)
FN:15,(anonymous_1)
FN:23,(anonymous_2)
FN:30,(anonymous_3)
FN:35,(anonymous_4)
FN:38,(anonymous_5)
FN:41,(anonymous_6)
FN:44,(anonymous_7)
FN:47,(anonymous_8)
FNF:9
FNH:5
FNDA:5,(anonymous_0)
FNDA:4,(anonymous_1)
FNDA:2,(anonymous_2)
FNDA:2,(anonymous_3)
FNDA:0,(anonymous_4)
FNDA:1,(anonymous_5)
FNDA:0,(anonymous_6)
FNDA:0,(anonymous_7)
FNDA:0,(anonymous_8)
DA:8,1
DA:10,1
DA:11,5
DA:12,4
DA:13,4
DA:14,4
DA:15,4
DA:17,4
DA:19,4
DA:20,0
DA:22,4
DA:23,4
DA:24,2
DA:30,2
DA:35,4
DA:36,0
DA:38,4
DA:39,1
DA:41,4
DA:42,0
DA:44,4
DA:45,0
DA:47,4
DA:48,0
DA:50,4
LF:25
LH:20
BRDA:19,0,0,0
BRDA:19,0,1,4
BRDA:52,1,0,4
BRDA:52,1,1,1
BRDA:55,2,0,4
BRDA:55,2,1,1
BRDA:63,3,0,4
BRDA:63,3,1,1
BRDA:64,4,0,4
BRDA:64,4,1,0
BRF:10
BRH:8
end_of_record
TN:
SF:src\components\Wallets\wallet.css
FNF:0
FNH:0
DA:1,1
LF:1
LH:1
BRF:0
BRH:0
end_of_record
TN:
SF:src\services\auth.service.js
FN:5,(anonymous_0)
FN:13,(anonymous_1)
FN:19,(anonymous_2)
FN:29,(anonymous_3)
FN:32,(anonymous_4)
FNF:5
FNH:5
FNDA:2,(anonymous_0)
FNDA:2,(anonymous_1)
FNDA:1,(anonymous_2)
FNDA:1,(anonymous_3)
FNDA:1,(anonymous_4)
DA:3,3
DA:5,3
DA:6,2
DA:13,3
DA:14,2
DA:20,1
DA:21,1
DA:22,1
DA:25,1
DA:26,1
DA:29,3
DA:30,1
DA:31,1
DA:32,1
DA:33,1
DA:37,3
LF:16
LH:16
BRDA:20,0,0,1
BRDA:20,0,1,0
BRF:2
BRH:1
end_of_record
TN:
SF:src\services\wallet.service.js
FN:4,(anonymous_0)
FNF:1
FNH:1
FNDA:1,(anonymous_0)
DA:2,2
DA:4,2
DA:5,1
DA:15,2
LF:4
LH:4
BRF:0
BRH:0
end_of_record
